after_run detalhes: {
  "browserName": "electron",
  "browserPath": "",
  "browserVersion": "118.0.5993.159",
  "config": {
    "browser": null,
    "baseUrl": "https://api.trello.com/1",
    "supportFile": "C:\\Testes\\TesteQASerasa\\AutomacaoSerasa\\cypress\\support\\e2e.js",
    "reporter": "mochawesome",
    "reporterOptions": {
      "reportDir": "reports",
      "overwrite": true,
      "html": true,
      "json": true
    },
    "projectRoot": "C:\\Testes\\TesteQASerasa\\AutomacaoSerasa",
    "projectName": "AutomacaoSerasa",
    "configFile": "cypress.config.js",
    "isTextTerminal": true,
    "animationDistanceThreshold": 5,
    "arch": "x64",
    "blockHosts": null,
    "chromeWebSecurity": true,
    "clientCertificates": [],
    "defaultCommandTimeout": 4000,
    "downloadsFolder": "C:\\Testes\\TesteQASerasa\\AutomacaoSerasa\\cypress\\downloads",
    "env": {
      "TRELLO_API_KEY": "70f673c74728c19ca18b8f72be278653",
      "TRELLO_API_TOKEN": "ATTA19bdc328c402de0ea67f38b3d51077ea10fd295b591c652b1e536919c2ce6b170973874F"
    },
    "execTimeout": 60000,
    "experimentalCspAllowList": false,
    "experimentalFetchPolyfill": false,
    "experimentalInteractiveRunEvents": false,
    "experimentalRunAllSpecs": false,
    "experimentalMemoryManagement": false,
    "experimentalModifyObstructiveThirdPartyCode": false,
    "experimentalSkipDomainInjection": null,
    "experimentalOriginDependencies": false,
    "experimentalSourceRewriting": false,
    "experimentalSingleTabRunMode": false,
    "experimentalStudio": false,
    "experimentalWebKitSupport": false,
    "fileServerFolder": "C:\\Testes\\TesteQASerasa\\AutomacaoSerasa",
    "fixturesFolder": "C:\\Testes\\TesteQASerasa\\AutomacaoSerasa\\cypress\\fixtures",
    "excludeSpecPattern": "*.hot-update.js",
    "includeShadowDom": false,
    "keystrokeDelay": 0,
    "modifyObstructiveCode": true,
    "numTestsKeptInMemory": 0,
    "platform": "win32",
    "pageLoadTimeout": 60000,
    "port": 51199,
    "projectId": null,
    "redirectionLimit": 20,
    "requestTimeout": 5000,
    "resolvedNodePath": "C:\\Program Files\\nodejs\\node.exe",
    "resolvedNodeVersion": "22.5.0",
    "responseTimeout": 30000,
    "retries": {
      "runMode": 0,
      "openMode": 0
    },
    "screenshotOnRunFailure": true,
    "screenshotsFolder": "C:\\Testes\\TesteQASerasa\\AutomacaoSerasa\\cypress\\screenshots",
    "slowTestThreshold": 10000,
    "scrollBehavior": "top",
    "taskTimeout": 60000,
    "testIsolation": true,
    "trashAssetsBeforeRuns": true,
    "userAgent": null,
    "video": false,
    "videoCompression": false,
    "videosFolder": "C:\\Testes\\TesteQASerasa\\AutomacaoSerasa\\cypress\\videos",
    "viewportHeight": 660,
    "viewportWidth": 1000,
    "waitForAnimations": true,
    "watchForFileChanges": false,
    "specPattern": "cypress/e2e/**/*.cy.{js,jsx,ts,tsx}",
    "browsers": [
      {
        "channel": "stable",
        "displayName": "Chrome",
        "family": "chromium",
        "majorVersion": "126",
        "name": "chrome",
        "path": "C:\\Program Files\\Google\\Chrome\\Application\\chrome.exe",
        "version": "126.0.6478.183"
      },
      {
        "channel": "stable",
        "displayName": "Edge",
        "family": "chromium",
        "majorVersion": "126",
        "name": "edge",
        "path": "C:\\Program Files (x86)\\Microsoft\\Edge\\Application\\msedge.exe",
        "version": "126.0.2592.102"
      },
      {
        "channel": "stable",
        "displayName": "Electron",
        "family": "chromium",
        "majorVersion": 118,
        "name": "electron",
        "path": "",
        "version": "118.0.5993.159"
      }
    ],
    "cypressBinaryRoot": "C:\\Users\\Pc\\AppData\\Local\\Cypress\\Cache\\13.13.1\\Cypress\\resources\\app",
    "hosts": null,
    "isInteractive": true,
    "version": "13.13.1",
    "testingType": "e2e",
    "cypressInternalEnv": "production"
  },
  "cypressVersion": "13.13.1",
  "endedTestsAt": "2024-07-18T19:33:34.114Z",
  "osName": "win32",
  "osVersion": "10.0.22631",
  "runs": [
    {
      "error": null,
      "reporter": "mochawesome",
      "reporterStats": {
        "suites": 1,
        "tests": 4,
        "passes": 4,
        "pending": 0,
        "failures": 0,
        "start": "2024-07-18T19:33:29.604Z",
        "end": "2024-07-18T19:33:34.116Z",
        "duration": 4512,
        "testsRegistered": 4,
        "passPercent": 100,
        "pendingPercent": 0,
        "other": 0,
        "hasOther": false,
        "skipped": 0,
        "hasSkipped": false
      },
      "screenshots": [],
      "spec": {
        "absolute": "C:/Testes/TesteQASerasa/AutomacaoSerasa/cypress/e2e/trello_spec.cy.js",
        "fileExtension": ".js",
        "fileName": "trello_spec",
        "name": "trello_spec.cy.js",
        "relative": "cypress\\e2e\\trello_spec.cy.js"
      },
      "stats": {
        "duration": 4513,
        "endedAt": "2024-07-18T19:33:34.114Z",
        "failures": 0,
        "passes": 4,
        "pending": 0,
        "skipped": 0,
        "startedAt": "2024-07-18T19:33:29.601Z",
        "suites": 1,
        "tests": 4
      },
      "tests": [
        {
          "attempts": [
            {
              "state": "passed"
            }
          ],
          "displayError": null,
          "duration": 1177,
          "state": "passed",
          "title": [
            "Trello API Test Suite",
            "Deve criar um board"
          ]
        },
        {
          "attempts": [
            {
              "state": "passed"
            }
          ],
          "displayError": null,
          "duration": 405,
          "state": "passed",
          "title": [
            "Trello API Test Suite",
            "Deve cadastrar um card"
          ]
        },
        {
          "attempts": [
            {
              "state": "passed"
            }
          ],
          "displayError": null,
          "duration": 1209,
          "state": "passed",
          "title": [
            "Trello API Test Suite",
            "Deve excluir um card"
          ]
        },
        {
          "attempts": [
            {
              "state": "passed"
            }
          ],
          "displayError": null,
          "duration": 1709,
          "state": "passed",
          "title": [
            "Trello API Test Suite",
            "Deve excluir um board"
          ]
        }
      ],
      "video": null
    }
  ],
  "startedTestsAt": "2024-07-18T19:33:29.601Z",
  "totalDuration": 4513,
  "totalFailed": 0,
  "totalPassed": 4,
  "totalPending": 0,
  "totalSkipped": 0,
  "totalSuites": 1,
  "totalTests": 4
}
after_run detalhes: {
  "browserName": "electron",
  "browserPath": "",
  "browserVersion": "118.0.5993.159",
  "config": {
    "browser": null,
    "baseUrl": "https://api.trello.com/1",
    "supportFile": "C:\\Testes\\TesteQASerasa\\AutomacaoSerasa\\cypress\\support\\e2e.js",
    "reporter": "mochawesome",
    "reporterOptions": {
      "reportDir": "reports",
      "overwrite": true,
      "html": true,
      "json": true
    },
    "projectRoot": "C:\\Testes\\TesteQASerasa\\AutomacaoSerasa",
    "projectName": "AutomacaoSerasa",
    "configFile": "cypress.config.js",
    "isTextTerminal": true,
    "animationDistanceThreshold": 5,
    "arch": "x64",
    "blockHosts": null,
    "chromeWebSecurity": true,
    "clientCertificates": [],
    "defaultCommandTimeout": 4000,
    "downloadsFolder": "C:\\Testes\\TesteQASerasa\\AutomacaoSerasa\\cypress\\downloads",
    "env": {
      "TRELLO_API_KEY": "70f673c74728c19ca18b8f72be278653",
      "TRELLO_API_TOKEN": "ATTA19bdc328c402de0ea67f38b3d51077ea10fd295b591c652b1e536919c2ce6b170973874F"
    },
    "execTimeout": 60000,
    "experimentalCspAllowList": false,
    "experimentalFetchPolyfill": false,
    "experimentalInteractiveRunEvents": false,
    "experimentalRunAllSpecs": false,
    "experimentalMemoryManagement": false,
    "experimentalModifyObstructiveThirdPartyCode": false,
    "experimentalSkipDomainInjection": null,
    "experimentalOriginDependencies": false,
    "experimentalSourceRewriting": false,
    "experimentalSingleTabRunMode": false,
    "experimentalStudio": false,
    "experimentalWebKitSupport": false,
    "fileServerFolder": "C:\\Testes\\TesteQASerasa\\AutomacaoSerasa",
    "fixturesFolder": "C:\\Testes\\TesteQASerasa\\AutomacaoSerasa\\cypress\\fixtures",
    "excludeSpecPattern": "*.hot-update.js",
    "includeShadowDom": false,
    "keystrokeDelay": 0,
    "modifyObstructiveCode": true,
    "numTestsKeptInMemory": 0,
    "platform": "win32",
    "pageLoadTimeout": 60000,
    "port": 51553,
    "projectId": null,
    "redirectionLimit": 20,
    "requestTimeout": 5000,
    "resolvedNodePath": "C:\\Program Files\\nodejs\\node.exe",
    "resolvedNodeVersion": "22.5.0",
    "responseTimeout": 30000,
    "retries": {
      "runMode": 0,
      "openMode": 0
    },
    "screenshotOnRunFailure": true,
    "screenshotsFolder": "C:\\Testes\\TesteQASerasa\\AutomacaoSerasa\\cypress\\screenshots",
    "slowTestThreshold": 10000,
    "scrollBehavior": "top",
    "taskTimeout": 60000,
    "testIsolation": true,
    "trashAssetsBeforeRuns": true,
    "userAgent": null,
    "video": false,
    "videoCompression": false,
    "videosFolder": "C:\\Testes\\TesteQASerasa\\AutomacaoSerasa\\cypress\\videos",
    "viewportHeight": 660,
    "viewportWidth": 1000,
    "waitForAnimations": true,
    "watchForFileChanges": false,
    "specPattern": "cypress/e2e/**/*.cy.{js,jsx,ts,tsx}",
    "browsers": [
      {
        "channel": "stable",
        "displayName": "Chrome",
        "family": "chromium",
        "majorVersion": "126",
        "name": "chrome",
        "path": "C:\\Program Files\\Google\\Chrome\\Application\\chrome.exe",
        "version": "126.0.6478.183"
      },
      {
        "channel": "stable",
        "displayName": "Edge",
        "family": "chromium",
        "majorVersion": "126",
        "name": "edge",
        "path": "C:\\Program Files (x86)\\Microsoft\\Edge\\Application\\msedge.exe",
        "version": "126.0.2592.102"
      },
      {
        "channel": "stable",
        "displayName": "Electron",
        "family": "chromium",
        "majorVersion": 118,
        "name": "electron",
        "path": "",
        "version": "118.0.5993.159"
      }
    ],
    "cypressBinaryRoot": "C:\\Users\\Pc\\AppData\\Local\\Cypress\\Cache\\13.13.1\\Cypress\\resources\\app",
    "hosts": null,
    "isInteractive": true,
    "version": "13.13.1",
    "testingType": "e2e",
    "cypressInternalEnv": "production"
  },
  "cypressVersion": "13.13.1",
  "endedTestsAt": "2024-07-18T19:37:47.850Z",
  "osName": "win32",
  "osVersion": "10.0.22631",
  "runs": [
    {
      "error": null,
      "reporter": "mochawesome",
      "reporterStats": {
        "suites": 1,
        "tests": 4,
        "passes": 4,
        "pending": 0,
        "failures": 0,
        "start": "2024-07-18T19:37:44.262Z",
        "end": "2024-07-18T19:37:47.851Z",
        "duration": 3589,
        "testsRegistered": 4,
        "passPercent": 100,
        "pendingPercent": 0,
        "other": 0,
        "hasOther": false,
        "skipped": 0,
        "hasSkipped": false
      },
      "screenshots": [],
      "spec": {
        "absolute": "C:/Testes/TesteQASerasa/AutomacaoSerasa/cypress/e2e/trello_spec.cy.js",
        "fileExtension": ".js",
        "fileName": "trello_spec",
        "name": "trello_spec.cy.js",
        "relative": "cypress\\e2e\\trello_spec.cy.js"
      },
      "stats": {
        "duration": 3590,
        "endedAt": "2024-07-18T19:37:47.850Z",
        "failures": 0,
        "passes": 4,
        "pending": 0,
        "skipped": 0,
        "startedAt": "2024-07-18T19:37:44.260Z",
        "suites": 1,
        "tests": 4
      },
      "tests": [
        {
          "attempts": [
            {
              "state": "passed"
            }
          ],
          "displayError": null,
          "duration": 685,
          "state": "passed",
          "title": [
            "Trello API Test Suite",
            "Deve criar um board"
          ]
        },
        {
          "attempts": [
            {
              "state": "passed"
            }
          ],
          "displayError": null,
          "duration": 359,
          "state": "passed",
          "title": [
            "Trello API Test Suite",
            "Deve cadastrar um card"
          ]
        },
        {
          "attempts": [
            {
              "state": "passed"
            }
          ],
          "displayError": null,
          "duration": 500,
          "state": "passed",
          "title": [
            "Trello API Test Suite",
            "Deve excluir um card"
          ]
        },
        {
          "attempts": [
            {
              "state": "passed"
            }
          ],
          "displayError": null,
          "duration": 2032,
          "state": "passed",
          "title": [
            "Trello API Test Suite",
            "Deve excluir um board"
          ]
        }
      ],
      "video": null
    }
  ],
  "startedTestsAt": "2024-07-18T19:37:44.260Z",
  "totalDuration": 3590,
  "totalFailed": 0,
  "totalPassed": 4,
  "totalPending": 0,
  "totalSkipped": 0,
  "totalSuites": 1,
  "totalTests": 4
}
after_run detalhes: {
  "browserName": "electron",
  "browserPath": "",
  "browserVersion": "118.0.5993.159",
  "config": {
    "browser": null,
    "baseUrl": "https://api.trello.com/1",
    "supportFile": "C:\\Testes\\TesteQASerasa\\AutomacaoSerasa\\cypress\\support\\e2e.js",
    "reporter": "mochawesome",
    "reporterOptions": {
      "reportDir": "reports",
      "overwrite": true,
      "html": true,
      "json": true
    },
    "projectRoot": "C:\\Testes\\TesteQASerasa\\AutomacaoSerasa",
    "projectName": "AutomacaoSerasa",
    "configFile": "cypress.config.js",
    "isTextTerminal": true,
    "animationDistanceThreshold": 5,
    "arch": "x64",
    "blockHosts": null,
    "chromeWebSecurity": true,
    "clientCertificates": [],
    "defaultCommandTimeout": 4000,
    "downloadsFolder": "C:\\Testes\\TesteQASerasa\\AutomacaoSerasa\\cypress\\downloads",
    "env": {
      "TRELLO_API_KEY": "70f673c74728c19ca18b8f72be278653",
      "TRELLO_API_TOKEN": "ATTA19bdc328c402de0ea67f38b3d51077ea10fd295b591c652b1e536919c2ce6b170973874F"
    },
    "execTimeout": 60000,
    "experimentalCspAllowList": false,
    "experimentalFetchPolyfill": false,
    "experimentalInteractiveRunEvents": false,
    "experimentalRunAllSpecs": false,
    "experimentalMemoryManagement": false,
    "experimentalModifyObstructiveThirdPartyCode": false,
    "experimentalSkipDomainInjection": null,
    "experimentalOriginDependencies": false,
    "experimentalSourceRewriting": false,
    "experimentalSingleTabRunMode": false,
    "experimentalStudio": false,
    "experimentalWebKitSupport": false,
    "fileServerFolder": "C:\\Testes\\TesteQASerasa\\AutomacaoSerasa",
    "fixturesFolder": "C:\\Testes\\TesteQASerasa\\AutomacaoSerasa\\cypress\\fixtures",
    "excludeSpecPattern": "*.hot-update.js",
    "includeShadowDom": false,
    "keystrokeDelay": 0,
    "modifyObstructiveCode": true,
    "numTestsKeptInMemory": 0,
    "platform": "win32",
    "pageLoadTimeout": 60000,
    "port": 51746,
    "projectId": null,
    "redirectionLimit": 20,
    "requestTimeout": 5000,
    "resolvedNodePath": "C:\\Program Files\\nodejs\\node.exe",
    "resolvedNodeVersion": "22.5.0",
    "responseTimeout": 30000,
    "retries": {
      "runMode": 0,
      "openMode": 0
    },
    "screenshotOnRunFailure": true,
    "screenshotsFolder": "C:\\Testes\\TesteQASerasa\\AutomacaoSerasa\\cypress\\screenshots",
    "slowTestThreshold": 10000,
    "scrollBehavior": "top",
    "taskTimeout": 60000,
    "testIsolation": true,
    "trashAssetsBeforeRuns": true,
    "userAgent": null,
    "video": false,
    "videoCompression": false,
    "videosFolder": "C:\\Testes\\TesteQASerasa\\AutomacaoSerasa\\cypress\\videos",
    "viewportHeight": 660,
    "viewportWidth": 1000,
    "waitForAnimations": true,
    "watchForFileChanges": false,
    "specPattern": "cypress/e2e/**/*.cy.{js,jsx,ts,tsx}",
    "browsers": [
      {
        "channel": "stable",
        "displayName": "Chrome",
        "family": "chromium",
        "majorVersion": "126",
        "name": "chrome",
        "path": "C:\\Program Files\\Google\\Chrome\\Application\\chrome.exe",
        "version": "126.0.6478.183"
      },
      {
        "channel": "stable",
        "displayName": "Edge",
        "family": "chromium",
        "majorVersion": "126",
        "name": "edge",
        "path": "C:\\Program Files (x86)\\Microsoft\\Edge\\Application\\msedge.exe",
        "version": "126.0.2592.102"
      },
      {
        "channel": "stable",
        "displayName": "Electron",
        "family": "chromium",
        "majorVersion": 118,
        "name": "electron",
        "path": "",
        "version": "118.0.5993.159"
      }
    ],
    "cypressBinaryRoot": "C:\\Users\\Pc\\AppData\\Local\\Cypress\\Cache\\13.13.1\\Cypress\\resources\\app",
    "hosts": null,
    "isInteractive": true,
    "version": "13.13.1",
    "testingType": "e2e",
    "cypressInternalEnv": "production"
  },
  "cypressVersion": "13.13.1",
  "endedTestsAt": "2024-07-18T19:40:20.902Z",
  "osName": "win32",
  "osVersion": "10.0.22631",
  "runs": [
    {
      "error": null,
      "reporter": "mochawesome",
      "reporterStats": {
        "suites": 1,
        "tests": 4,
        "passes": 4,
        "pending": 0,
        "failures": 0,
        "start": "2024-07-18T19:40:17.697Z",
        "end": "2024-07-18T19:40:20.904Z",
        "duration": 3207,
        "testsRegistered": 4,
        "passPercent": 100,
        "pendingPercent": 0,
        "other": 0,
        "hasOther": false,
        "skipped": 0,
        "hasSkipped": false
      },
      "screenshots": [],
      "spec": {
        "absolute": "C:/Testes/TesteQASerasa/AutomacaoSerasa/cypress/e2e/trello_spec.cy.js",
        "fileExtension": ".js",
        "fileName": "trello_spec",
        "name": "trello_spec.cy.js",
        "relative": "cypress\\e2e\\trello_spec.cy.js"
      },
      "stats": {
        "duration": 3208,
        "endedAt": "2024-07-18T19:40:20.902Z",
        "failures": 0,
        "passes": 4,
        "pending": 0,
        "skipped": 0,
        "startedAt": "2024-07-18T19:40:17.694Z",
        "suites": 1,
        "tests": 4
      },
      "tests": [
        {
          "attempts": [
            {
              "state": "passed"
            }
          ],
          "displayError": null,
          "duration": 647,
          "state": "passed",
          "title": [
            "Trello API Test Suite",
            "Deve criar um board"
          ]
        },
        {
          "attempts": [
            {
              "state": "passed"
            }
          ],
          "displayError": null,
          "duration": 336,
          "state": "passed",
          "title": [
            "Trello API Test Suite",
            "Deve cadastrar um card"
          ]
        },
        {
          "attempts": [
            {
              "state": "passed"
            }
          ],
          "displayError": null,
          "duration": 584,
          "state": "passed",
          "title": [
            "Trello API Test Suite",
            "Deve excluir um card"
          ]
        },
        {
          "attempts": [
            {
              "state": "passed"
            }
          ],
          "displayError": null,
          "duration": 1628,
          "state": "passed",
          "title": [
            "Trello API Test Suite",
            "Deve excluir um board"
          ]
        }
      ],
      "video": null
    }
  ],
  "startedTestsAt": "2024-07-18T19:40:17.694Z",
  "totalDuration": 3208,
  "totalFailed": 0,
  "totalPassed": 4,
  "totalPending": 0,
  "totalSkipped": 0,
  "totalSuites": 1,
  "totalTests": 4
}
