2024-07-18T21:06:12.805Z - after_spec detalhes: {
  "spec": {
    "absolute": "C:/Testes/TesteQASerasa/AutomacaoSerasa/cypress/e2e/trello_spec.cy.js",
    "fileExtension": ".js",
    "fileName": "trello_spec",
    "name": "trello_spec.cy.js",
    "relative": "cypress\\e2e\\trello_spec.cy.js"
  },
  "results": {
    "error": null,
    "reporter": "mochawesome",
    "reporterStats": {
      "suites": 1,
      "tests": 4,
      "passes": 4,
      "pending": 0,
      "failures": 0,
      "start": "2024-07-18T21:06:09.323Z",
      "end": "2024-07-18T21:06:12.801Z",
      "duration": 3478,
      "testsRegistered": 4,
      "passPercent": 100,
      "pendingPercent": 0,
      "other": 0,
      "hasOther": false,
      "skipped": 0,
      "hasSkipped": false
    },
    "screenshots": [],
    "spec": {
      "absolute": "C:/Testes/TesteQASerasa/AutomacaoSerasa/cypress/e2e/trello_spec.cy.js",
      "fileExtension": ".js",
      "fileName": "trello_spec",
      "name": "trello_spec.cy.js",
      "relative": "cypress\\e2e\\trello_spec.cy.js"
    },
    "stats": {
      "duration": 3480,
      "endedAt": "2024-07-18T21:06:12.799Z",
      "failures": 0,
      "passes": 4,
      "pending": 0,
      "skipped": 0,
      "startedAt": "2024-07-18T21:06:09.319Z",
      "suites": 1,
      "tests": 4
    },
    "tests": [
      {
        "attempts": [
          {
            "state": "passed"
          }
        ],
        "displayError": null,
        "duration": 627,
        "state": "passed",
        "title": [
          "Trello API Test Suite",
          "Deve criar um board"
        ]
      },
      {
        "attempts": [
          {
            "state": "passed"
          }
        ],
        "displayError": null,
        "duration": 673,
        "state": "passed",
        "title": [
          "Trello API Test Suite",
          "Deve cadastrar um card"
        ]
      },
      {
        "attempts": [
          {
            "state": "passed"
          }
        ],
        "displayError": null,
        "duration": 537,
        "state": "passed",
        "title": [
          "Trello API Test Suite",
          "Deve excluir um card"
        ]
      },
      {
        "attempts": [
          {
            "state": "passed"
          }
        ],
        "displayError": null,
        "duration": 1629,
        "state": "passed",
        "title": [
          "Trello API Test Suite",
          "Deve excluir um board"
        ]
      }
    ],
    "video": null
  }
}
