before_run detalhes: {
  "browser": {
    "name": "electron",
    "channel": "stable",
    "family": "chromium",
    "displayName": "Electron",
    "version": "118.0.5993.159",
    "path": "",
    "majorVersion": 118,
    "isHeadless": true,
    "isHeaded": false
  },
  "config": {
    "browser": null,
    "setupNodeEvents": "[Function setupNodeEvents]",
    "baseUrl": "https://api.trello.com/1",
    "supportFile": "C:\\Testes\\TesteQASerasa\\AutomacaoSerasa\\cypress\\support\\e2e.js",
    "reporter": "mochawesome",
    "reporterOptions": {
      "reportDir": "reports",
      "overwrite": true,
      "html": true,
      "json": true
    },
    "projectRoot": "C:\\Testes\\TesteQASerasa\\AutomacaoSerasa",
    "projectName": "AutomacaoSerasa",
    "repoRoot": "C:/Testes/TesteQASerasa",
    "rawJson": {
      "e2e": {
        "setupNodeEvents": "[Function setupNodeEvents]",
        "baseUrl": "https://api.trello.com/1",
        "supportFile": "cypress/support/e2e.js",
        "reporter": "mochawesome",
        "reporterOptions": {
          "reportDir": "reports",
          "overwrite": true,
          "html": true,
          "json": true
        }
      },
      "browser": "auto",
      "setupNodeEvents": "[Function setupNodeEvents]",
      "baseUrl": "https://api.trello.com/1",
      "supportFile": "cypress/support/e2e.js",
      "reporter": "mochawesome",
      "reporterOptions": {
        "reportDir": "reports",
        "overwrite": true,
        "html": true,
        "json": true
      },
      "envFile": {
        "TRELLO_API_KEY": "70f673c74728c19ca18b8f72be278653",
        "TRELLO_API_TOKEN": "ATTA19bdc328c402de0ea67f38b3d51077ea10fd295b591c652b1e536919c2ce6b170973874F"
      },
      "projectRoot": "C:\\Testes\\TesteQASerasa\\AutomacaoSerasa",
      "projectName": "AutomacaoSerasa",
      "repoRoot": "C:/Testes/TesteQASerasa"
    },
    "configFile": "cypress.config.js",
    "morgan": false,
    "isTextTerminal": true,
    "socketId": "5ktaisufng",
    "report": true,
    "animationDistanceThreshold": 5,
    "arch": "x64",
    "blockHosts": null,
    "chromeWebSecurity": true,
    "clientCertificates": [],
    "defaultCommandTimeout": 4000,
    "downloadsFolder": "C:\\Testes\\TesteQASerasa\\AutomacaoSerasa\\cypress\\downloads",
    "env": {
      "TRELLO_API_KEY": "70f673c74728c19ca18b8f72be278653",
      "TRELLO_API_TOKEN": "ATTA19bdc328c402de0ea67f38b3d51077ea10fd295b591c652b1e536919c2ce6b170973874F"
    },
    "execTimeout": 60000,
    "experimentalCspAllowList": false,
    "experimentalFetchPolyfill": false,
    "experimentalInteractiveRunEvents": false,
    "experimentalRunAllSpecs": false,
    "experimentalMemoryManagement": false,
    "experimentalModifyObstructiveThirdPartyCode": false,
    "experimentalSkipDomainInjection": null,
    "experimentalOriginDependencies": false,
    "experimentalSourceRewriting": false,
    "experimentalSingleTabRunMode": false,
    "experimentalStudio": false,
    "experimentalWebKitSupport": false,
    "fileServerFolder": "C:\\Testes\\TesteQASerasa\\AutomacaoSerasa",
    "fixturesFolder": "C:\\Testes\\TesteQASerasa\\AutomacaoSerasa\\cypress\\fixtures",
    "excludeSpecPattern": "*.hot-update.js",
    "includeShadowDom": false,
    "keystrokeDelay": 0,
    "modifyObstructiveCode": true,
    "numTestsKeptInMemory": 0,
    "platform": "win32",
    "pageLoadTimeout": 60000,
    "port": 51199,
    "projectId": null,
    "redirectionLimit": 20,
    "requestTimeout": 5000,
    "resolvedNodePath": "C:\\Program Files\\nodejs\\node.exe",
    "resolvedNodeVersion": "22.5.0",
    "responseTimeout": 30000,
    "retries": {
      "runMode": 0,
      "openMode": 0
    },
    "screenshotOnRunFailure": true,
    "screenshotsFolder": "C:\\Testes\\TesteQASerasa\\AutomacaoSerasa\\cypress\\screenshots",
    "slowTestThreshold": 10000,
    "scrollBehavior": "top",
    "supportFolder": "C:\\Testes\\TesteQASerasa\\AutomacaoSerasa\\cypress\\support",
    "taskTimeout": 60000,
    "testIsolation": true,
    "trashAssetsBeforeRuns": true,
    "userAgent": null,
    "video": false,
    "videoCompression": false,
    "videosFolder": "C:\\Testes\\TesteQASerasa\\AutomacaoSerasa\\cypress\\videos",
    "viewportHeight": 660,
    "viewportWidth": 1000,
    "waitForAnimations": true,
    "watchForFileChanges": false,
    "specPattern": "cypress/e2e/**/*.cy.{js,jsx,ts,tsx}",
    "additionalIgnorePattern": [],
    "autoOpen": false,
    "browsers": [
      {
        "name": "chrome",
        "family": "chromium",
        "channel": "stable",
        "displayName": "Chrome",
        "version": "126.0.6478.183",
        "path": "C:\\Program Files\\Google\\Chrome\\Application\\chrome.exe",
        "minSupportedVersion": 64,
        "majorVersion": "126"
      },
      {
        "name": "edge",
        "family": "chromium",
        "channel": "stable",
        "displayName": "Edge",
        "version": "126.0.2592.102",
        "path": "C:\\Program Files (x86)\\Microsoft\\Edge\\Application\\msedge.exe",
        "minSupportedVersion": 79,
        "majorVersion": "126"
      },
      {
        "name": "electron",
        "channel": "stable",
        "family": "chromium",
        "displayName": "Electron",
        "version": "118.0.5993.159",
        "path": "",
        "majorVersion": 118
      }
    ],
    "clientRoute": "/__/",
    "cypressBinaryRoot": "C:\\Users\\Pc\\AppData\\Local\\Cypress\\Cache\\13.13.1\\Cypress\\resources\\app",
    "devServerPublicPathRoute": "/__cypress/src",
    "hosts": null,
    "isInteractive": true,
    "namespace": "__cypress",
    "reporterRoute": "/__cypress/reporter",
    "socketIoCookie": "__socket",
    "socketIoRoute": "/__socket",
    "version": "13.13.1",
    "protocolEnabled": false,
    "hideCommandLog": false,
    "hideRunnerUi": false,
    "cypressEnv": "production",
    "resolved": {
      "animationDistanceThreshold": {
        "value": 5,
        "from": "default"
      },
      "arch": {
        "value": "x64",
        "from": "default"
      },
      "baseUrl": {
        "value": "https://api.trello.com/1",
        "from": "config"
      },
      "blockHosts": {
        "value": null,
        "from": "default"
      },
      "chromeWebSecurity": {
        "value": true,
        "from": "default"
      },
      "clientCertificates": {
        "value": [],
        "from": "default"
      },
      "defaultCommandTimeout": {
        "value": 4000,
        "from": "default"
      },
      "downloadsFolder": {
        "value": "cypress/downloads",
        "from": "default"
      },
      "env": {
        "TRELLO_API_KEY": {
          "value": "70f673c74728c19ca18b8f72be278653",
          "from": "envFile"
        },
        "TRELLO_API_TOKEN": {
          "value": "ATTA19bdc328c402de0ea67f38b3d51077ea10fd295b591c652b1e536919c2ce6b170973874F",
          "from": "envFile"
        }
      },
      "execTimeout": {
        "value": 60000,
        "from": "default"
      },
      "experimentalCspAllowList": {
        "value": false,
        "from": "default"
      },
      "experimentalFetchPolyfill": {
        "value": false,
        "from": "default"
      },
      "experimentalInteractiveRunEvents": {
        "value": false,
        "from": "default"
      },
      "experimentalRunAllSpecs": {
        "value": false,
        "from": "default"
      },
      "experimentalMemoryManagement": {
        "value": false,
        "from": "default"
      },
      "experimentalModifyObstructiveThirdPartyCode": {
        "value": false,
        "from": "default"
      },
      "experimentalSkipDomainInjection": {
        "value": null,
        "from": "default"
      },
      "experimentalOriginDependencies": {
        "value": false,
        "from": "default"
      },
      "experimentalSourceRewriting": {
        "value": false,
        "from": "default"
      },
      "experimentalSingleTabRunMode": {
        "value": false,
        "from": "default"
      },
      "experimentalStudio": {
        "value": false,
        "from": "default"
      },
      "experimentalWebKitSupport": {
        "value": false,
        "from": "default"
      },
      "fileServerFolder": {
        "value": "",
        "from": "default"
      },
      "fixturesFolder": {
        "value": "cypress/fixtures",
        "from": "default"
      },
      "excludeSpecPattern": {
        "value": "*.hot-update.js",
        "from": "default"
      },
      "includeShadowDom": {
        "value": false,
        "from": "default"
      },
      "keystrokeDelay": {
        "value": 0,
        "from": "default"
      },
      "modifyObstructiveCode": {
        "value": true,
        "from": "default"
      },
      "numTestsKeptInMemory": {
        "value": 0,
        "from": "config"
      },
      "platform": {
        "value": "win32",
        "from": "default"
      },
      "pageLoadTimeout": {
        "value": 60000,
        "from": "default"
      },
      "port": {
        "value": null,
        "from": "default"
      },
      "projectId": {
        "value": null,
        "from": "default"
      },
      "redirectionLimit": {
        "value": 20,
        "from": "default"
      },
      "reporter": {
        "value": "mochawesome",
        "from": "config"
      },
      "reporterOptions": {
        "value": {
          "reportDir": "reports",
          "overwrite": true,
          "html": true,
          "json": true
        },
        "from": "config"
      },
      "requestTimeout": {
        "value": 5000,
        "from": "default"
      },
      "resolvedNodePath": {
        "value": null,
        "from": "default"
      },
      "resolvedNodeVersion": {
        "value": null,
        "from": "default"
      },
      "responseTimeout": {
        "value": 30000,
        "from": "default"
      },
      "retries": {
        "value": {
          "runMode": 0,
          "openMode": 0
        },
        "from": "default"
      },
      "screenshotOnRunFailure": {
        "value": true,
        "from": "default"
      },
      "screenshotsFolder": {
        "value": "cypress/screenshots",
        "from": "default"
      },
      "slowTestThreshold": {
        "value": 10000,
        "from": "default"
      },
      "scrollBehavior": {
        "value": "top",
        "from": "default"
      },
      "supportFile": {
        "value": "cypress/support/e2e.js",
        "from": "config"
      },
      "supportFolder": {
        "value": false,
        "from": "default"
      },
      "taskTimeout": {
        "value": 60000,
        "from": "default"
      },
      "testIsolation": {
        "value": true,
        "from": "default"
      },
      "trashAssetsBeforeRuns": {
        "value": true,
        "from": "default"
      },
      "userAgent": {
        "value": null,
        "from": "default"
      },
      "video": {
        "value": false,
        "from": "default"
      },
      "videoCompression": {
        "value": false,
        "from": "default"
      },
      "videosFolder": {
        "value": "cypress/videos",
        "from": "default"
      },
      "viewportHeight": {
        "value": 660,
        "from": "default"
      },
      "viewportWidth": {
        "value": 1000,
        "from": "default"
      },
      "waitForAnimations": {
        "value": true,
        "from": "default"
      },
      "watchForFileChanges": {
        "value": false,
        "from": "config"
      },
      "specPattern": {
        "value": "cypress/e2e/**/*.cy.{js,jsx,ts,tsx}",
        "from": "default"
      },
      "browsers": {
        "value": [
          {
            "name": "chrome",
            "family": "chromium",
            "channel": "stable",
            "displayName": "Chrome",
            "version": "126.0.6478.183",
            "path": "C:\\Program Files\\Google\\Chrome\\Application\\chrome.exe",
            "minSupportedVersion": 64,
            "majorVersion": "126"
          },
          {
            "name": "edge",
            "family": "chromium",
            "channel": "stable",
            "displayName": "Edge",
            "version": "126.0.2592.102",
            "path": "C:\\Program Files (x86)\\Microsoft\\Edge\\Application\\msedge.exe",
            "minSupportedVersion": 79,
            "majorVersion": "126"
          },
          {
            "name": "electron",
            "channel": "stable",
            "family": "chromium",
            "displayName": "Electron",
            "version": "118.0.5993.159",
            "path": "",
            "majorVersion": 118,
            "isHeadless": true,
            "isHeaded": false
          }
        ],
        "from": "runtime"
      },
      "hosts": {
        "value": null,
        "from": "default"
      },
      "isInteractive": {
        "value": true,
        "from": "default"
      }
    },
    "testingType": "e2e",
    "remote": {
      "origin": "https://api.trello.com",
      "strategy": "http",
      "fileServer": null,
      "domainName": "trello.com",
      "props": {
        "port": "443",
        "protocol": "https:",
        "subdomain": "api",
        "domain": "trello",
        "tld": "com"
      }
    },
    "specs": [],
    "proxyUrl": "http://localhost:51199",
    "browserUrl": "https://api.trello.com/__/",
    "reporterUrl": "https://api.trello.com/__cypress/reporter",
    "proxyServer": "http://localhost:51199",
    "state": {}
  },
  "cypressVersion": "13.13.1",
  "parallel": false,
  "specs": [
    {
      "fileExtension": ".js",
      "baseName": "trello_spec.cy.js",
      "fileName": "trello_spec",
      "specFileExtension": ".cy.js",
      "relativeToCommonRoot": "trello_spec.cy.js",
      "specType": "integration",
      "name": "cypress/e2e/trello_spec.cy.js",
      "relative": "cypress\\e2e\\trello_spec.cy.js",
      "absolute": "C:/Testes/TesteQASerasa/AutomacaoSerasa/cypress/e2e/trello_spec.cy.js"
    }
  ],
  "specPattern": "cypress/e2e/**/*.cy.{js,jsx,ts,tsx}",
  "system": {
    "osName": "win32",
    "osVersion": "10.0.22631"
  }
}
before_run detalhes: {
  "browser": {
    "name": "electron",
    "channel": "stable",
    "family": "chromium",
    "displayName": "Electron",
    "version": "118.0.5993.159",
    "path": "",
    "majorVersion": 118,
    "isHeadless": true,
    "isHeaded": false
  },
  "config": {
    "browser": null,
    "setupNodeEvents": "[Function setupNodeEvents]",
    "baseUrl": "https://api.trello.com/1",
    "supportFile": "C:\\Testes\\TesteQASerasa\\AutomacaoSerasa\\cypress\\support\\e2e.js",
    "reporter": "mochawesome",
    "reporterOptions": {
      "reportDir": "reports",
      "overwrite": true,
      "html": true,
      "json": true
    },
    "projectRoot": "C:\\Testes\\TesteQASerasa\\AutomacaoSerasa",
    "projectName": "AutomacaoSerasa",
    "repoRoot": "C:/Testes/TesteQASerasa",
    "rawJson": {
      "e2e": {
        "setupNodeEvents": "[Function setupNodeEvents]",
        "baseUrl": "https://api.trello.com/1",
        "supportFile": "cypress/support/e2e.js",
        "reporter": "mochawesome",
        "reporterOptions": {
          "reportDir": "reports",
          "overwrite": true,
          "html": true,
          "json": true
        }
      },
      "browser": "auto",
      "setupNodeEvents": "[Function setupNodeEvents]",
      "baseUrl": "https://api.trello.com/1",
      "supportFile": "cypress/support/e2e.js",
      "reporter": "mochawesome",
      "reporterOptions": {
        "reportDir": "reports",
        "overwrite": true,
        "html": true,
        "json": true
      },
      "envFile": {
        "TRELLO_API_KEY": "70f673c74728c19ca18b8f72be278653",
        "TRELLO_API_TOKEN": "ATTA19bdc328c402de0ea67f38b3d51077ea10fd295b591c652b1e536919c2ce6b170973874F"
      },
      "projectRoot": "C:\\Testes\\TesteQASerasa\\AutomacaoSerasa",
      "projectName": "AutomacaoSerasa",
      "repoRoot": "C:/Testes/TesteQASerasa"
    },
    "configFile": "cypress.config.js",
    "morgan": false,
    "isTextTerminal": true,
    "socketId": "fxbl6t57l9",
    "report": true,
    "animationDistanceThreshold": 5,
    "arch": "x64",
    "blockHosts": null,
    "chromeWebSecurity": true,
    "clientCertificates": [],
    "defaultCommandTimeout": 4000,
    "downloadsFolder": "C:\\Testes\\TesteQASerasa\\AutomacaoSerasa\\cypress\\downloads",
    "env": {
      "TRELLO_API_KEY": "70f673c74728c19ca18b8f72be278653",
      "TRELLO_API_TOKEN": "ATTA19bdc328c402de0ea67f38b3d51077ea10fd295b591c652b1e536919c2ce6b170973874F"
    },
    "execTimeout": 60000,
    "experimentalCspAllowList": false,
    "experimentalFetchPolyfill": false,
    "experimentalInteractiveRunEvents": false,
    "experimentalRunAllSpecs": false,
    "experimentalMemoryManagement": false,
    "experimentalModifyObstructiveThirdPartyCode": false,
    "experimentalSkipDomainInjection": null,
    "experimentalOriginDependencies": false,
    "experimentalSourceRewriting": false,
    "experimentalSingleTabRunMode": false,
    "experimentalStudio": false,
    "experimentalWebKitSupport": false,
    "fileServerFolder": "C:\\Testes\\TesteQASerasa\\AutomacaoSerasa",
    "fixturesFolder": "C:\\Testes\\TesteQASerasa\\AutomacaoSerasa\\cypress\\fixtures",
    "excludeSpecPattern": "*.hot-update.js",
    "includeShadowDom": false,
    "keystrokeDelay": 0,
    "modifyObstructiveCode": true,
    "numTestsKeptInMemory": 0,
    "platform": "win32",
    "pageLoadTimeout": 60000,
    "port": 51553,
    "projectId": null,
    "redirectionLimit": 20,
    "requestTimeout": 5000,
    "resolvedNodePath": "C:\\Program Files\\nodejs\\node.exe",
    "resolvedNodeVersion": "22.5.0",
    "responseTimeout": 30000,
    "retries": {
      "runMode": 0,
      "openMode": 0
    },
    "screenshotOnRunFailure": true,
    "screenshotsFolder": "C:\\Testes\\TesteQASerasa\\AutomacaoSerasa\\cypress\\screenshots",
    "slowTestThreshold": 10000,
    "scrollBehavior": "top",
    "supportFolder": "C:\\Testes\\TesteQASerasa\\AutomacaoSerasa\\cypress\\support",
    "taskTimeout": 60000,
    "testIsolation": true,
    "trashAssetsBeforeRuns": true,
    "userAgent": null,
    "video": false,
    "videoCompression": false,
    "videosFolder": "C:\\Testes\\TesteQASerasa\\AutomacaoSerasa\\cypress\\videos",
    "viewportHeight": 660,
    "viewportWidth": 1000,
    "waitForAnimations": true,
    "watchForFileChanges": false,
    "specPattern": "cypress/e2e/**/*.cy.{js,jsx,ts,tsx}",
    "additionalIgnorePattern": [],
    "autoOpen": false,
    "browsers": [
      {
        "name": "chrome",
        "family": "chromium",
        "channel": "stable",
        "displayName": "Chrome",
        "version": "126.0.6478.183",
        "path": "C:\\Program Files\\Google\\Chrome\\Application\\chrome.exe",
        "minSupportedVersion": 64,
        "majorVersion": "126"
      },
      {
        "name": "edge",
        "family": "chromium",
        "channel": "stable",
        "displayName": "Edge",
        "version": "126.0.2592.102",
        "path": "C:\\Program Files (x86)\\Microsoft\\Edge\\Application\\msedge.exe",
        "minSupportedVersion": 79,
        "majorVersion": "126"
      },
      {
        "name": "electron",
        "channel": "stable",
        "family": "chromium",
        "displayName": "Electron",
        "version": "118.0.5993.159",
        "path": "",
        "majorVersion": 118
      }
    ],
    "clientRoute": "/__/",
    "cypressBinaryRoot": "C:\\Users\\Pc\\AppData\\Local\\Cypress\\Cache\\13.13.1\\Cypress\\resources\\app",
    "devServerPublicPathRoute": "/__cypress/src",
    "hosts": null,
    "isInteractive": true,
    "namespace": "__cypress",
    "reporterRoute": "/__cypress/reporter",
    "socketIoCookie": "__socket",
    "socketIoRoute": "/__socket",
    "version": "13.13.1",
    "protocolEnabled": false,
    "hideCommandLog": false,
    "hideRunnerUi": false,
    "cypressEnv": "production",
    "resolved": {
      "animationDistanceThreshold": {
        "value": 5,
        "from": "default"
      },
      "arch": {
        "value": "x64",
        "from": "default"
      },
      "baseUrl": {
        "value": "https://api.trello.com/1",
        "from": "config"
      },
      "blockHosts": {
        "value": null,
        "from": "default"
      },
      "chromeWebSecurity": {
        "value": true,
        "from": "default"
      },
      "clientCertificates": {
        "value": [],
        "from": "default"
      },
      "defaultCommandTimeout": {
        "value": 4000,
        "from": "default"
      },
      "downloadsFolder": {
        "value": "cypress/downloads",
        "from": "default"
      },
      "env": {
        "TRELLO_API_KEY": {
          "value": "70f673c74728c19ca18b8f72be278653",
          "from": "envFile"
        },
        "TRELLO_API_TOKEN": {
          "value": "ATTA19bdc328c402de0ea67f38b3d51077ea10fd295b591c652b1e536919c2ce6b170973874F",
          "from": "envFile"
        }
      },
      "execTimeout": {
        "value": 60000,
        "from": "default"
      },
      "experimentalCspAllowList": {
        "value": false,
        "from": "default"
      },
      "experimentalFetchPolyfill": {
        "value": false,
        "from": "default"
      },
      "experimentalInteractiveRunEvents": {
        "value": false,
        "from": "default"
      },
      "experimentalRunAllSpecs": {
        "value": false,
        "from": "default"
      },
      "experimentalMemoryManagement": {
        "value": false,
        "from": "default"
      },
      "experimentalModifyObstructiveThirdPartyCode": {
        "value": false,
        "from": "default"
      },
      "experimentalSkipDomainInjection": {
        "value": null,
        "from": "default"
      },
      "experimentalOriginDependencies": {
        "value": false,
        "from": "default"
      },
      "experimentalSourceRewriting": {
        "value": false,
        "from": "default"
      },
      "experimentalSingleTabRunMode": {
        "value": false,
        "from": "default"
      },
      "experimentalStudio": {
        "value": false,
        "from": "default"
      },
      "experimentalWebKitSupport": {
        "value": false,
        "from": "default"
      },
      "fileServerFolder": {
        "value": "",
        "from": "default"
      },
      "fixturesFolder": {
        "value": "cypress/fixtures",
        "from": "default"
      },
      "excludeSpecPattern": {
        "value": "*.hot-update.js",
        "from": "default"
      },
      "includeShadowDom": {
        "value": false,
        "from": "default"
      },
      "keystrokeDelay": {
        "value": 0,
        "from": "default"
      },
      "modifyObstructiveCode": {
        "value": true,
        "from": "default"
      },
      "numTestsKeptInMemory": {
        "value": 0,
        "from": "config"
      },
      "platform": {
        "value": "win32",
        "from": "default"
      },
      "pageLoadTimeout": {
        "value": 60000,
        "from": "default"
      },
      "port": {
        "value": null,
        "from": "default"
      },
      "projectId": {
        "value": null,
        "from": "default"
      },
      "redirectionLimit": {
        "value": 20,
        "from": "default"
      },
      "reporter": {
        "value": "mochawesome",
        "from": "config"
      },
      "reporterOptions": {
        "value": {
          "reportDir": "reports",
          "overwrite": true,
          "html": true,
          "json": true
        },
        "from": "config"
      },
      "requestTimeout": {
        "value": 5000,
        "from": "default"
      },
      "resolvedNodePath": {
        "value": null,
        "from": "default"
      },
      "resolvedNodeVersion": {
        "value": null,
        "from": "default"
      },
      "responseTimeout": {
        "value": 30000,
        "from": "default"
      },
      "retries": {
        "value": {
          "runMode": 0,
          "openMode": 0
        },
        "from": "default"
      },
      "screenshotOnRunFailure": {
        "value": true,
        "from": "default"
      },
      "screenshotsFolder": {
        "value": "cypress/screenshots",
        "from": "default"
      },
      "slowTestThreshold": {
        "value": 10000,
        "from": "default"
      },
      "scrollBehavior": {
        "value": "top",
        "from": "default"
      },
      "supportFile": {
        "value": "cypress/support/e2e.js",
        "from": "config"
      },
      "supportFolder": {
        "value": false,
        "from": "default"
      },
      "taskTimeout": {
        "value": 60000,
        "from": "default"
      },
      "testIsolation": {
        "value": true,
        "from": "default"
      },
      "trashAssetsBeforeRuns": {
        "value": true,
        "from": "default"
      },
      "userAgent": {
        "value": null,
        "from": "default"
      },
      "video": {
        "value": false,
        "from": "default"
      },
      "videoCompression": {
        "value": false,
        "from": "default"
      },
      "videosFolder": {
        "value": "cypress/videos",
        "from": "default"
      },
      "viewportHeight": {
        "value": 660,
        "from": "default"
      },
      "viewportWidth": {
        "value": 1000,
        "from": "default"
      },
      "waitForAnimations": {
        "value": true,
        "from": "default"
      },
      "watchForFileChanges": {
        "value": false,
        "from": "config"
      },
      "specPattern": {
        "value": "cypress/e2e/**/*.cy.{js,jsx,ts,tsx}",
        "from": "default"
      },
      "browsers": {
        "value": [
          {
            "name": "chrome",
            "family": "chromium",
            "channel": "stable",
            "displayName": "Chrome",
            "version": "126.0.6478.183",
            "path": "C:\\Program Files\\Google\\Chrome\\Application\\chrome.exe",
            "minSupportedVersion": 64,
            "majorVersion": "126"
          },
          {
            "name": "edge",
            "family": "chromium",
            "channel": "stable",
            "displayName": "Edge",
            "version": "126.0.2592.102",
            "path": "C:\\Program Files (x86)\\Microsoft\\Edge\\Application\\msedge.exe",
            "minSupportedVersion": 79,
            "majorVersion": "126"
          },
          {
            "name": "electron",
            "channel": "stable",
            "family": "chromium",
            "displayName": "Electron",
            "version": "118.0.5993.159",
            "path": "",
            "majorVersion": 118,
            "isHeadless": true,
            "isHeaded": false
          }
        ],
        "from": "runtime"
      },
      "hosts": {
        "value": null,
        "from": "default"
      },
      "isInteractive": {
        "value": true,
        "from": "default"
      }
    },
    "testingType": "e2e",
    "remote": {
      "origin": "https://api.trello.com",
      "strategy": "http",
      "fileServer": null,
      "domainName": "trello.com",
      "props": {
        "port": "443",
        "protocol": "https:",
        "subdomain": "api",
        "domain": "trello",
        "tld": "com"
      }
    },
    "specs": [],
    "proxyUrl": "http://localhost:51553",
    "browserUrl": "https://api.trello.com/__/",
    "reporterUrl": "https://api.trello.com/__cypress/reporter",
    "proxyServer": "http://localhost:51553",
    "state": {}
  },
  "cypressVersion": "13.13.1",
  "parallel": false,
  "specs": [
    {
      "fileExtension": ".js",
      "baseName": "trello_spec.cy.js",
      "fileName": "trello_spec",
      "specFileExtension": ".cy.js",
      "relativeToCommonRoot": "trello_spec.cy.js",
      "specType": "integration",
      "name": "cypress/e2e/trello_spec.cy.js",
      "relative": "cypress\\e2e\\trello_spec.cy.js",
      "absolute": "C:/Testes/TesteQASerasa/AutomacaoSerasa/cypress/e2e/trello_spec.cy.js"
    }
  ],
  "specPattern": "cypress/e2e/**/*.cy.{js,jsx,ts,tsx}",
  "system": {
    "osName": "win32",
    "osVersion": "10.0.22631"
  }
}
before_run detalhes: {
  "browser": {
    "name": "electron",
    "channel": "stable",
    "family": "chromium",
    "displayName": "Electron",
    "version": "118.0.5993.159",
    "path": "",
    "majorVersion": 118,
    "isHeadless": true,
    "isHeaded": false
  },
  "config": {
    "browser": null,
    "setupNodeEvents": "[Function setupNodeEvents]",
    "baseUrl": "https://api.trello.com/1",
    "supportFile": "C:\\Testes\\TesteQASerasa\\AutomacaoSerasa\\cypress\\support\\e2e.js",
    "reporter": "mochawesome",
    "reporterOptions": {
      "reportDir": "reports",
      "overwrite": true,
      "html": true,
      "json": true
    },
    "projectRoot": "C:\\Testes\\TesteQASerasa\\AutomacaoSerasa",
    "projectName": "AutomacaoSerasa",
    "repoRoot": "C:/Testes/TesteQASerasa",
    "rawJson": {
      "e2e": {
        "setupNodeEvents": "[Function setupNodeEvents]",
        "baseUrl": "https://api.trello.com/1",
        "supportFile": "cypress/support/e2e.js",
        "reporter": "mochawesome",
        "reporterOptions": {
          "reportDir": "reports",
          "overwrite": true,
          "html": true,
          "json": true
        }
      },
      "browser": "auto",
      "setupNodeEvents": "[Function setupNodeEvents]",
      "baseUrl": "https://api.trello.com/1",
      "supportFile": "cypress/support/e2e.js",
      "reporter": "mochawesome",
      "reporterOptions": {
        "reportDir": "reports",
        "overwrite": true,
        "html": true,
        "json": true
      },
      "envFile": {
        "TRELLO_API_KEY": "70f673c74728c19ca18b8f72be278653",
        "TRELLO_API_TOKEN": "ATTA19bdc328c402de0ea67f38b3d51077ea10fd295b591c652b1e536919c2ce6b170973874F"
      },
      "projectRoot": "C:\\Testes\\TesteQASerasa\\AutomacaoSerasa",
      "projectName": "AutomacaoSerasa",
      "repoRoot": "C:/Testes/TesteQASerasa"
    },
    "configFile": "cypress.config.js",
    "morgan": false,
    "isTextTerminal": true,
    "socketId": "atwesd001m",
    "report": true,
    "animationDistanceThreshold": 5,
    "arch": "x64",
    "blockHosts": null,
    "chromeWebSecurity": true,
    "clientCertificates": [],
    "defaultCommandTimeout": 4000,
    "downloadsFolder": "C:\\Testes\\TesteQASerasa\\AutomacaoSerasa\\cypress\\downloads",
    "env": {
      "TRELLO_API_KEY": "70f673c74728c19ca18b8f72be278653",
      "TRELLO_API_TOKEN": "ATTA19bdc328c402de0ea67f38b3d51077ea10fd295b591c652b1e536919c2ce6b170973874F"
    },
    "execTimeout": 60000,
    "experimentalCspAllowList": false,
    "experimentalFetchPolyfill": false,
    "experimentalInteractiveRunEvents": false,
    "experimentalRunAllSpecs": false,
    "experimentalMemoryManagement": false,
    "experimentalModifyObstructiveThirdPartyCode": false,
    "experimentalSkipDomainInjection": null,
    "experimentalOriginDependencies": false,
    "experimentalSourceRewriting": false,
    "experimentalSingleTabRunMode": false,
    "experimentalStudio": false,
    "experimentalWebKitSupport": false,
    "fileServerFolder": "C:\\Testes\\TesteQASerasa\\AutomacaoSerasa",
    "fixturesFolder": "C:\\Testes\\TesteQASerasa\\AutomacaoSerasa\\cypress\\fixtures",
    "excludeSpecPattern": "*.hot-update.js",
    "includeShadowDom": false,
    "keystrokeDelay": 0,
    "modifyObstructiveCode": true,
    "numTestsKeptInMemory": 0,
    "platform": "win32",
    "pageLoadTimeout": 60000,
    "port": 51746,
    "projectId": null,
    "redirectionLimit": 20,
    "requestTimeout": 5000,
    "resolvedNodePath": "C:\\Program Files\\nodejs\\node.exe",
    "resolvedNodeVersion": "22.5.0",
    "responseTimeout": 30000,
    "retries": {
      "runMode": 0,
      "openMode": 0
    },
    "screenshotOnRunFailure": true,
    "screenshotsFolder": "C:\\Testes\\TesteQASerasa\\AutomacaoSerasa\\cypress\\screenshots",
    "slowTestThreshold": 10000,
    "scrollBehavior": "top",
    "supportFolder": "C:\\Testes\\TesteQASerasa\\AutomacaoSerasa\\cypress\\support",
    "taskTimeout": 60000,
    "testIsolation": true,
    "trashAssetsBeforeRuns": true,
    "userAgent": null,
    "video": false,
    "videoCompression": false,
    "videosFolder": "C:\\Testes\\TesteQASerasa\\AutomacaoSerasa\\cypress\\videos",
    "viewportHeight": 660,
    "viewportWidth": 1000,
    "waitForAnimations": true,
    "watchForFileChanges": false,
    "specPattern": "cypress/e2e/**/*.cy.{js,jsx,ts,tsx}",
    "additionalIgnorePattern": [],
    "autoOpen": false,
    "browsers": [
      {
        "name": "chrome",
        "family": "chromium",
        "channel": "stable",
        "displayName": "Chrome",
        "version": "126.0.6478.183",
        "path": "C:\\Program Files\\Google\\Chrome\\Application\\chrome.exe",
        "minSupportedVersion": 64,
        "majorVersion": "126"
      },
      {
        "name": "edge",
        "family": "chromium",
        "channel": "stable",
        "displayName": "Edge",
        "version": "126.0.2592.102",
        "path": "C:\\Program Files (x86)\\Microsoft\\Edge\\Application\\msedge.exe",
        "minSupportedVersion": 79,
        "majorVersion": "126"
      },
      {
        "name": "electron",
        "channel": "stable",
        "family": "chromium",
        "displayName": "Electron",
        "version": "118.0.5993.159",
        "path": "",
        "majorVersion": 118
      }
    ],
    "clientRoute": "/__/",
    "cypressBinaryRoot": "C:\\Users\\Pc\\AppData\\Local\\Cypress\\Cache\\13.13.1\\Cypress\\resources\\app",
    "devServerPublicPathRoute": "/__cypress/src",
    "hosts": null,
    "isInteractive": true,
    "namespace": "__cypress",
    "reporterRoute": "/__cypress/reporter",
    "socketIoCookie": "__socket",
    "socketIoRoute": "/__socket",
    "version": "13.13.1",
    "protocolEnabled": false,
    "hideCommandLog": false,
    "hideRunnerUi": false,
    "cypressEnv": "production",
    "resolved": {
      "animationDistanceThreshold": {
        "value": 5,
        "from": "default"
      },
      "arch": {
        "value": "x64",
        "from": "default"
      },
      "baseUrl": {
        "value": "https://api.trello.com/1",
        "from": "config"
      },
      "blockHosts": {
        "value": null,
        "from": "default"
      },
      "chromeWebSecurity": {
        "value": true,
        "from": "default"
      },
      "clientCertificates": {
        "value": [],
        "from": "default"
      },
      "defaultCommandTimeout": {
        "value": 4000,
        "from": "default"
      },
      "downloadsFolder": {
        "value": "cypress/downloads",
        "from": "default"
      },
      "env": {
        "TRELLO_API_KEY": {
          "value": "70f673c74728c19ca18b8f72be278653",
          "from": "envFile"
        },
        "TRELLO_API_TOKEN": {
          "value": "ATTA19bdc328c402de0ea67f38b3d51077ea10fd295b591c652b1e536919c2ce6b170973874F",
          "from": "envFile"
        }
      },
      "execTimeout": {
        "value": 60000,
        "from": "default"
      },
      "experimentalCspAllowList": {
        "value": false,
        "from": "default"
      },
      "experimentalFetchPolyfill": {
        "value": false,
        "from": "default"
      },
      "experimentalInteractiveRunEvents": {
        "value": false,
        "from": "default"
      },
      "experimentalRunAllSpecs": {
        "value": false,
        "from": "default"
      },
      "experimentalMemoryManagement": {
        "value": false,
        "from": "default"
      },
      "experimentalModifyObstructiveThirdPartyCode": {
        "value": false,
        "from": "default"
      },
      "experimentalSkipDomainInjection": {
        "value": null,
        "from": "default"
      },
      "experimentalOriginDependencies": {
        "value": false,
        "from": "default"
      },
      "experimentalSourceRewriting": {
        "value": false,
        "from": "default"
      },
      "experimentalSingleTabRunMode": {
        "value": false,
        "from": "default"
      },
      "experimentalStudio": {
        "value": false,
        "from": "default"
      },
      "experimentalWebKitSupport": {
        "value": false,
        "from": "default"
      },
      "fileServerFolder": {
        "value": "",
        "from": "default"
      },
      "fixturesFolder": {
        "value": "cypress/fixtures",
        "from": "default"
      },
      "excludeSpecPattern": {
        "value": "*.hot-update.js",
        "from": "default"
      },
      "includeShadowDom": {
        "value": false,
        "from": "default"
      },
      "keystrokeDelay": {
        "value": 0,
        "from": "default"
      },
      "modifyObstructiveCode": {
        "value": true,
        "from": "default"
      },
      "numTestsKeptInMemory": {
        "value": 0,
        "from": "config"
      },
      "platform": {
        "value": "win32",
        "from": "default"
      },
      "pageLoadTimeout": {
        "value": 60000,
        "from": "default"
      },
      "port": {
        "value": null,
        "from": "default"
      },
      "projectId": {
        "value": null,
        "from": "default"
      },
      "redirectionLimit": {
        "value": 20,
        "from": "default"
      },
      "reporter": {
        "value": "mochawesome",
        "from": "config"
      },
      "reporterOptions": {
        "value": {
          "reportDir": "reports",
          "overwrite": true,
          "html": true,
          "json": true
        },
        "from": "config"
      },
      "requestTimeout": {
        "value": 5000,
        "from": "default"
      },
      "resolvedNodePath": {
        "value": null,
        "from": "default"
      },
      "resolvedNodeVersion": {
        "value": null,
        "from": "default"
      },
      "responseTimeout": {
        "value": 30000,
        "from": "default"
      },
      "retries": {
        "value": {
          "runMode": 0,
          "openMode": 0
        },
        "from": "default"
      },
      "screenshotOnRunFailure": {
        "value": true,
        "from": "default"
      },
      "screenshotsFolder": {
        "value": "cypress/screenshots",
        "from": "default"
      },
      "slowTestThreshold": {
        "value": 10000,
        "from": "default"
      },
      "scrollBehavior": {
        "value": "top",
        "from": "default"
      },
      "supportFile": {
        "value": "cypress/support/e2e.js",
        "from": "config"
      },
      "supportFolder": {
        "value": false,
        "from": "default"
      },
      "taskTimeout": {
        "value": 60000,
        "from": "default"
      },
      "testIsolation": {
        "value": true,
        "from": "default"
      },
      "trashAssetsBeforeRuns": {
        "value": true,
        "from": "default"
      },
      "userAgent": {
        "value": null,
        "from": "default"
      },
      "video": {
        "value": false,
        "from": "default"
      },
      "videoCompression": {
        "value": false,
        "from": "default"
      },
      "videosFolder": {
        "value": "cypress/videos",
        "from": "default"
      },
      "viewportHeight": {
        "value": 660,
        "from": "default"
      },
      "viewportWidth": {
        "value": 1000,
        "from": "default"
      },
      "waitForAnimations": {
        "value": true,
        "from": "default"
      },
      "watchForFileChanges": {
        "value": false,
        "from": "config"
      },
      "specPattern": {
        "value": "cypress/e2e/**/*.cy.{js,jsx,ts,tsx}",
        "from": "default"
      },
      "browsers": {
        "value": [
          {
            "name": "chrome",
            "family": "chromium",
            "channel": "stable",
            "displayName": "Chrome",
            "version": "126.0.6478.183",
            "path": "C:\\Program Files\\Google\\Chrome\\Application\\chrome.exe",
            "minSupportedVersion": 64,
            "majorVersion": "126"
          },
          {
            "name": "edge",
            "family": "chromium",
            "channel": "stable",
            "displayName": "Edge",
            "version": "126.0.2592.102",
            "path": "C:\\Program Files (x86)\\Microsoft\\Edge\\Application\\msedge.exe",
            "minSupportedVersion": 79,
            "majorVersion": "126"
          },
          {
            "name": "electron",
            "channel": "stable",
            "family": "chromium",
            "displayName": "Electron",
            "version": "118.0.5993.159",
            "path": "",
            "majorVersion": 118,
            "isHeadless": true,
            "isHeaded": false
          }
        ],
        "from": "runtime"
      },
      "hosts": {
        "value": null,
        "from": "default"
      },
      "isInteractive": {
        "value": true,
        "from": "default"
      }
    },
    "testingType": "e2e",
    "remote": {
      "origin": "https://api.trello.com",
      "strategy": "http",
      "fileServer": null,
      "domainName": "trello.com",
      "props": {
        "port": "443",
        "protocol": "https:",
        "subdomain": "api",
        "domain": "trello",
        "tld": "com"
      }
    },
    "specs": [],
    "proxyUrl": "http://localhost:51746",
    "browserUrl": "https://api.trello.com/__/",
    "reporterUrl": "https://api.trello.com/__cypress/reporter",
    "proxyServer": "http://localhost:51746",
    "state": {}
  },
  "cypressVersion": "13.13.1",
  "parallel": false,
  "specs": [
    {
      "fileExtension": ".js",
      "baseName": "trello_spec.cy.js",
      "fileName": "trello_spec",
      "specFileExtension": ".cy.js",
      "relativeToCommonRoot": "trello_spec.cy.js",
      "specType": "integration",
      "name": "cypress/e2e/trello_spec.cy.js",
      "relative": "cypress\\e2e\\trello_spec.cy.js",
      "absolute": "C:/Testes/TesteQASerasa/AutomacaoSerasa/cypress/e2e/trello_spec.cy.js"
    }
  ],
  "specPattern": "cypress/e2e/**/*.cy.{js,jsx,ts,tsx}",
  "system": {
    "osName": "win32",
    "osVersion": "10.0.22631"
  }
}
